I, [2018-11-08T16:20:51.688098 #2284]  INFO -- : Started GET "/admin/users/new" for 127.0.0.1 at 2018-11-08 16:20:51 -0400
I, [2018-11-08T16:20:51.722169 #2284]  INFO -- : Processing by Admin::UsersController#new as HTML
I, [2018-11-08T16:20:52.007067 #2284]  INFO -- : Completed 401 Unauthorized in 284ms (ActiveRecord: 23.2ms)
I, [2018-11-08T16:20:52.061537 #2284]  INFO -- : Started GET "/users/sign_in" for 127.0.0.1 at 2018-11-08 16:20:52 -0400
I, [2018-11-08T16:20:52.062809 #2284]  INFO -- : Processing by Devise::SessionsController#new as HTML
I, [2018-11-08T16:20:52.140908 #2284]  INFO -- :   Rendering devise/sessions/new.html.haml within admin/layouts/application
I, [2018-11-08T16:20:52.153663 #2284]  INFO -- :   Rendered devise/sessions/new.html.haml within admin/layouts/application (12.6ms)
I, [2018-11-08T16:24:17.789229 #2284]  INFO -- : Started GET "/" for 127.0.0.1 at 2018-11-08 16:24:17 -0400
I, [2018-11-08T16:24:17.825901 #2284]  INFO -- : Processing by KepplerFrontend::App::FrontendController#keppler as HTML
I, [2018-11-08T16:24:18.087246 #2284]  INFO -- :   Rendering rockets/keppler_frontend/app/views/keppler_frontend/app/frontend/keppler.html.haml within layouts/keppler_frontend/app/layouts/application
I, [2018-11-08T16:24:18.336427 #2284]  INFO -- :   Rendered app/layouts/_meta_tags.html.haml (45.9ms)
I, [2018-11-08T16:24:25.458083 #2284]  INFO -- :   Rendered admin/layouts/_head.html.haml (213297.8ms)
I, [2018-11-08T16:24:25.463709 #2284]  INFO -- :   Rendered admin/layouts/_keppler_boolean_script.haml (3.7ms)
I, [2018-11-08T16:24:25.464197 #2284]  INFO -- : Completed 200 OK in 213401ms (Views: 213337.6ms | ActiveRecord: 6.7ms)
I, [2018-11-08T16:24:25.492745 #2284]  INFO -- :   Rendered app/layouts/_google_analytics.html.haml (24.1ms)
I, [2018-11-08T16:24:25.492936 #2284]  INFO -- :   Rendered app/layouts/_head.html.haml (7309.9ms)
I, [2018-11-08T16:24:25.495247 #2284]  INFO -- :   Rendered rockets/keppler_frontend/app/views/keppler_frontend/app/frontend/keppler.html.haml within layouts/keppler_frontend/app/layouts/application (7407.8ms)
I, [2018-11-08T16:24:25.555291 #2284]  INFO -- :   Rendered rockets/keppler_frontend/app/views/layouts/keppler_frontend/app/layouts/_meta_tags.html.haml (38.0ms)
I, [2018-11-08T16:24:25.568738 #2284]  INFO -- :   Rendered rockets/keppler_frontend/app/views/layouts/keppler_frontend/app/layouts/_google_analytics.html.haml (4.8ms)
I, [2018-11-08T16:24:25.568938 #2284]  INFO -- :   Rendered rockets/keppler_frontend/app/views/layouts/keppler_frontend/app/layouts/_head.html.haml (58.8ms)
I, [2018-11-08T16:24:25.569416 #2284]  INFO -- : Completed 200 OK in 7743ms (Views: 7489.2ms | ActiveRecord: 127.9ms)
I, [2018-11-08T16:24:25.589960 #2284]  INFO -- : Started GET "/" for 127.0.0.1 at 2018-11-08 16:24:25 -0400
I, [2018-11-08T16:24:25.591567 #2284]  INFO -- : Processing by KepplerFrontend::App::FrontendController#keppler as HTML
I, [2018-11-08T16:24:25.608062 #2284]  INFO -- :   Rendering rockets/keppler_frontend/app/views/keppler_frontend/app/frontend/keppler.html.haml within layouts/keppler_frontend/app/layouts/application
I, [2018-11-08T16:24:25.609511 #2284]  INFO -- :   Rendered app/layouts/_meta_tags.html.haml (0.8ms)
I, [2018-11-08T16:24:25.616099 #2284]  INFO -- :   Rendered app/layouts/_google_analytics.html.haml (3.8ms)
I, [2018-11-08T16:24:25.616298 #2284]  INFO -- :   Rendered app/layouts/_head.html.haml (7.8ms)
I, [2018-11-08T16:24:25.619377 #2284]  INFO -- :   Rendered rockets/keppler_frontend/app/views/keppler_frontend/app/frontend/keppler.html.haml within layouts/keppler_frontend/app/layouts/application (11.1ms)
I, [2018-11-08T16:24:25.620699 #2284]  INFO -- :   Rendered rockets/keppler_frontend/app/views/layouts/keppler_frontend/app/layouts/_meta_tags.html.haml (0.7ms)
I, [2018-11-08T16:24:25.632255 #2284]  INFO -- : Started GET "/assets/keppler_frontend/app/application-44cb5e06cffa80105d3436f3e6227f84d3864839466bb9c3ef899c6b18cc6fca.css" for 127.0.0.1 at 2018-11-08 16:24:25 -0400
I, [2018-11-08T16:24:25.636449 #2284]  INFO -- : Started GET "/assets/keppler_frontend/app/application-c3ca8b156c65d4058ec7691356ee4a49da07597f3cd364252698f0f9f85a970c.js" for 127.0.0.1 at 2018-11-08 16:24:25 -0400
I, [2018-11-08T16:24:25.637057 #2284]  INFO -- :   Rendered rockets/keppler_frontend/app/views/layouts/keppler_frontend/app/layouts/_google_analytics.html.haml (10.0ms)
I, [2018-11-08T16:24:25.642734 #2284]  INFO -- :   Rendered rockets/keppler_frontend/app/views/layouts/keppler_frontend/app/layouts/_head.html.haml (22.9ms)
I, [2018-11-08T16:24:25.643145 #2284]  INFO -- : Completed 200 OK in 51ms (Views: 34.4ms | ActiveRecord: 5.9ms)
I, [2018-11-08T16:24:25.649408 #2284]  INFO -- : Started GET "/assets/app/application-1286c1beb88a34431e3821bdd00e758cfa2a92a408211b8787efe91011a1eba5.css" for 127.0.0.1 at 2018-11-08 16:24:25 -0400
I, [2018-11-08T16:24:25.655033 #2284]  INFO -- : Started GET "/assets/app/application-af82ce04f6061ca101be94ab8923b39d001c381c200557fba27f1d80ffa5bf18.js" for 127.0.0.1 at 2018-11-08 16:24:25 -0400
I, [2018-11-08T16:24:25.837203 #2284]  INFO -- : Started GET "/assets/app/front.js" for 127.0.0.1 at 2018-11-08 16:24:25 -0400
F, [2018-11-08T16:24:25.870216 #2284] FATAL -- :   
F, [2018-11-08T16:24:25.872842 #2284] FATAL -- : ActionController::RoutingError (No route matches [GET] "/assets/app/front.js"):
F, [2018-11-08T16:24:25.872961 #2284] FATAL -- :   
F, [2018-11-08T16:24:25.873023 #2284] FATAL -- : actionpack (5.2.0) lib/action_dispatch/middleware/debug_exceptions.rb:65:in `call'
actionpack (5.2.0) lib/action_dispatch/middleware/show_exceptions.rb:33:in `call'
railties (5.2.0) lib/rails/rack/logger.rb:38:in `call_app'
railties (5.2.0) lib/rails/rack/logger.rb:26:in `block in call'
activesupport (5.2.0) lib/active_support/tagged_logging.rb:71:in `block in tagged'
activesupport (5.2.0) lib/active_support/tagged_logging.rb:28:in `tagged'
activesupport (5.2.0) lib/active_support/tagged_logging.rb:71:in `tagged'
railties (5.2.0) lib/rails/rack/logger.rb:26:in `call'
actionpack (5.2.0) lib/action_dispatch/middleware/remote_ip.rb:81:in `call'
request_store (1.4.1) lib/request_store/middleware.rb:19:in `call'
actionpack (5.2.0) lib/action_dispatch/middleware/request_id.rb:27:in `call'
rack (2.0.5) lib/rack/method_override.rb:22:in `call'
rack (2.0.5) lib/rack/runtime.rb:22:in `call'
activesupport (5.2.0) lib/active_support/cache/strategy/local_cache_middleware.rb:29:in `call'
actionpack (5.2.0) lib/action_dispatch/middleware/executor.rb:14:in `call'
actionpack (5.2.0) lib/action_dispatch/middleware/static.rb:127:in `call'
rack (2.0.5) lib/rack/sendfile.rb:111:in `call'
railties (5.2.0) lib/rails/engine.rb:524:in `call'
puma (3.12.0) lib/puma/configuration.rb:225:in `call'
puma (3.12.0) lib/puma/server.rb:658:in `handle_request'
puma (3.12.0) lib/puma/server.rb:472:in `process_client'
puma (3.12.0) lib/puma/server.rb:332:in `block in run'
puma (3.12.0) lib/puma/thread_pool.rb:133:in `block in spawn_thread'
I, [2018-11-08T16:24:26.457873 #2284]  INFO -- : Started GET "/assets/app/front.js" for 127.0.0.1 at 2018-11-08 16:24:26 -0400
F, [2018-11-08T16:24:26.464460 #2284] FATAL -- :   
F, [2018-11-08T16:24:26.464585 #2284] FATAL -- : ActionController::RoutingError (No route matches [GET] "/assets/app/front.js"):
F, [2018-11-08T16:24:26.464637 #2284] FATAL -- :   
F, [2018-11-08T16:24:26.464711 #2284] FATAL -- : actionpack (5.2.0) lib/action_dispatch/middleware/debug_exceptions.rb:65:in `call'
actionpack (5.2.0) lib/action_dispatch/middleware/show_exceptions.rb:33:in `call'
railties (5.2.0) lib/rails/rack/logger.rb:38:in `call_app'
railties (5.2.0) lib/rails/rack/logger.rb:26:in `block in call'
activesupport (5.2.0) lib/active_support/tagged_logging.rb:71:in `block in tagged'
activesupport (5.2.0) lib/active_support/tagged_logging.rb:28:in `tagged'
activesupport (5.2.0) lib/active_support/tagged_logging.rb:71:in `tagged'
railties (5.2.0) lib/rails/rack/logger.rb:26:in `call'
actionpack (5.2.0) lib/action_dispatch/middleware/remote_ip.rb:81:in `call'
request_store (1.4.1) lib/request_store/middleware.rb:19:in `call'
actionpack (5.2.0) lib/action_dispatch/middleware/request_id.rb:27:in `call'
rack (2.0.5) lib/rack/method_override.rb:22:in `call'
rack (2.0.5) lib/rack/runtime.rb:22:in `call'
activesupport (5.2.0) lib/active_support/cache/strategy/local_cache_middleware.rb:29:in `call'
actionpack (5.2.0) lib/action_dispatch/middleware/executor.rb:14:in `call'
actionpack (5.2.0) lib/action_dispatch/middleware/static.rb:127:in `call'
rack (2.0.5) lib/rack/sendfile.rb:111:in `call'
railties (5.2.0) lib/rails/engine.rb:524:in `call'
puma (3.12.0) lib/puma/configuration.rb:225:in `call'
puma (3.12.0) lib/puma/server.rb:658:in `handle_request'
puma (3.12.0) lib/puma/server.rb:472:in `process_client'
puma (3.12.0) lib/puma/server.rb:332:in `block in run'
puma (3.12.0) lib/puma/thread_pool.rb:133:in `block in spawn_thread'
I, [2018-11-08T16:24:26.482949 #2284]  INFO -- : Started GET "/assets/admin/profile-menu.jpg" for 127.0.0.1 at 2018-11-08 16:24:26 -0400
I, [2018-11-08T16:24:26.677081 #2284]  INFO -- : Started GET "/assets/admin/profile-menu.jpg" for 127.0.0.1 at 2018-11-08 16:24:26 -0400
I, [2018-11-08T16:24:33.139474 #2284]  INFO -- : Started GET "/admin" for 127.0.0.1 at 2018-11-08 16:24:33 -0400
I, [2018-11-08T16:24:33.140282 #2284]  INFO -- : Processing by Admin::AdminController#root as HTML
I, [2018-11-08T16:24:33.177537 #2284]  INFO -- : Completed 401 Unauthorized in 37ms (ActiveRecord: 5.6ms)
I, [2018-11-08T16:24:33.194964 #2284]  INFO -- : Started GET "/users/sign_in" for 127.0.0.1 at 2018-11-08 16:24:33 -0400
I, [2018-11-08T16:24:33.195658 #2284]  INFO -- : Processing by Devise::SessionsController#new as HTML
I, [2018-11-08T16:24:33.203015 #2284]  INFO -- :   Rendering devise/sessions/new.html.haml within admin/layouts/application
I, [2018-11-08T16:24:33.204475 #2284]  INFO -- :   Rendered devise/sessions/new.html.haml within admin/layouts/application (1.3ms)
I, [2018-11-08T16:24:33.205909 #2284]  INFO -- :   Rendered admin/layouts/_head.html.haml (1.2ms)
I, [2018-11-08T16:24:33.206277 #2284]  INFO -- :   Rendered admin/layouts/_keppler_boolean_script.haml (0.0ms)
I, [2018-11-08T16:24:33.206492 #2284]  INFO -- : Completed 200 OK in 11ms (Views: 3.7ms | ActiveRecord: 2.1ms)
I, [2018-11-08T16:24:33.225057 #2284]  INFO -- : Started GET "/assets/admin/application-8d5881fd7664c0fa5b39a588b2c1287facd859b8ebf1d5a57ebfe734fa08f896.css" for 127.0.0.1 at 2018-11-08 16:24:33 -0400
I, [2018-11-08T16:24:33.228746 #2284]  INFO -- : Started GET "/assets/admin/application-93af3cca68f2e1b8d177a0470db37f34f0cfac1bd07434337e3ec9e6ea5789ca.js" for 127.0.0.1 at 2018-11-08 16:24:33 -0400
I, [2018-11-08T16:24:34.708372 #2284]  INFO -- : Started GET "/assets/admin/profile-menu.jpg" for 127.0.0.1 at 2018-11-08 16:24:34 -0400
I, [2018-11-08T16:24:34.717410 #2284]  INFO -- : Started GET "/assets/admin/fonts-and-icons/ZXuke1cDvLCKLDcimxB44_lu.woff2" for 127.0.0.1 at 2018-11-08 16:24:34 -0400
I, [2018-11-08T16:24:34.719587 #2284]  INFO -- : Started GET "/assetsadmin/fonts-and-icons/fonts/Simple-Line-Icons.woff2?v=2.4.0" for 127.0.0.1 at 2018-11-08 16:24:34 -0400
I, [2018-11-08T16:24:42.175039 #2284]  INFO -- : Started POST "/users/sign_in" for 127.0.0.1 at 2018-11-08 16:24:42 -0400
I, [2018-11-08T16:24:42.176685 #2284]  INFO -- : Processing by Devise::SessionsController#create as HTML
I, [2018-11-08T16:24:42.176863 #2284]  INFO -- :   Parameters: {"utf8"=>"✓", "authenticity_token"=>"TCmljNrUvNyWMQAMm83g5ppRWgW1cPjlTd+m0yABoynKkjZjyJjdcQjndv+LOevBqiJI7UqtBJX9TXTWL+E1Xw==", "user"=>{"email"=>"admin@keppleradmin.com", "password"=>"[FILTERED]"}, "commit"=>"Entrar"}
I, [2018-11-08T16:24:43.468597 #2284]  INFO -- : Redirected to http://localhost:3000/admin
I, [2018-11-08T16:24:43.468949 #2284]  INFO -- : Completed 302 Found in 1292ms (ActiveRecord: 191.8ms)
I, [2018-11-08T16:24:43.477960 #2284]  INFO -- : Started GET "/admin" for 127.0.0.1 at 2018-11-08 16:24:43 -0400
I, [2018-11-08T16:24:43.478714 #2284]  INFO -- : Processing by Admin::AdminController#root as HTML
I, [2018-11-08T16:24:43.509918 #2284]  INFO -- : Redirected to http://localhost:3000/admin/dashboard
I, [2018-11-08T16:24:43.510183 #2284]  INFO -- : Completed 302 Found in 31ms (ActiveRecord: 8.9ms)
I, [2018-11-08T16:24:43.553836 #2284]  INFO -- : Started GET "/admin/dashboard" for 127.0.0.1 at 2018-11-08 16:24:43 -0400
I, [2018-11-08T16:24:43.555273 #2284]  INFO -- : Processing by KepplerGaDashboard::Admin::DashboardController#analytics as HTML
I, [2018-11-08T16:24:44.990372 #2284]  INFO -- :   Rendering rockets/keppler_ga_dashboard/app/views/keppler_ga_dashboard/admin/dashboard/analytics.html.haml within keppler_ga_dashboard/admin/layouts/application
I, [2018-11-08T16:24:45.266042 #2284]  INFO -- :   Rendered rockets/keppler_ga_dashboard/app/views/keppler_ga_dashboard/admin/dashboard/analytics.html.haml within keppler_ga_dashboard/admin/layouts/application (275.5ms)
I, [2018-11-08T16:24:45.292551 #2284]  INFO -- :   Rendered rockets/keppler_ga_dashboard/app/views/keppler_ga_dashboard/admin/layouts/_head.html.haml (9.3ms)
I, [2018-11-08T16:24:45.330479 #2284]  INFO -- :   Rendered admin/layouts/_navigation.html.haml (36.8ms)
I, [2018-11-08T16:24:45.753381 #2284]  INFO -- :   Rendered admin/layouts/_sidebar.html.haml (421.9ms)
I, [2018-11-08T16:24:45.756915 #2284]  INFO -- :   Rendered admin/layouts/_messages.html.haml (2.8ms)
I, [2018-11-08T16:24:45.761279 #2284]  INFO -- :   Rendered admin/layouts/_preloader.html.haml (3.7ms)
I, [2018-11-08T16:24:45.763011 #2284]  INFO -- :   Rendered admin/layouts/_footer.html.haml (1.1ms)
I, [2018-11-08T16:24:45.763266 #2284]  INFO -- :   Rendered admin/layouts/_keppler_boolean_script.haml (0.0ms)
I, [2018-11-08T16:24:45.763526 #2284]  INFO -- : Completed 200 OK in 2208ms (Views: 772.7ms | ActiveRecord: 7.4ms)
I, [2018-11-08T16:24:46.030425 #2284]  INFO -- : Started GET "/assets/keppler_ga_dashboard/view-selector2.js?body=1" for 127.0.0.1 at 2018-11-08 16:24:46 -0400
I, [2018-11-08T16:24:46.831898 #2284]  INFO -- : Started GET "/assets/keppler_ga_dashboard/date-range-selector.self.js?body=1" for 127.0.0.1 at 2018-11-08 16:24:46 -0400
I, [2018-11-08T16:24:46.834968 #2284]  INFO -- : Started GET "/assets/keppler_ga_dashboard/active-users.self.js?body=1" for 127.0.0.1 at 2018-11-08 16:24:46 -0400
I, [2018-11-08T16:24:46.883766 #2284]  INFO -- : Started GET "/assetsadmin/fonts-and-icons/fonts/Simple-Line-Icons.woff2?v=2.4.0" for 127.0.0.1 at 2018-11-08 16:24:46 -0400
I, [2018-11-08T16:24:46.885242 #2284]  INFO -- : Started GET "/assets/admin/fonts-and-icons/ZXuke1cDvLCKLDcimxB44_lu.woff2" for 127.0.0.1 at 2018-11-08 16:24:46 -0400
I, [2018-11-08T16:24:53.170535 #2284]  INFO -- : Started GET "/admin/scripts" for 127.0.0.1 at 2018-11-08 16:24:53 -0400
I, [2018-11-08T16:24:53.171512 #2284]  INFO -- : Processing by Admin::ScriptsController#index as HTML
I, [2018-11-08T16:24:53.257760 #2284]  INFO -- :   Rendering admin/scripts/index.html.haml within admin/layouts/application
I, [2018-11-08T16:24:53.286350 #2284]  INFO -- :   Rendered admin/layouts/_listing_preloader.haml (4.1ms)
I, [2018-11-08T16:24:53.309766 #2284]  INFO -- :   Rendered admin/scripts/_listing.html.haml (13.6ms)
I, [2018-11-08T16:24:53.327762 #2284]  INFO -- :   Rendered admin/scripts/_description.html.haml (5.1ms)
I, [2018-11-08T16:24:53.327879 #2284]  INFO -- :   Rendered admin/scripts/index.html.haml within admin/layouts/application (70.0ms)
I, [2018-11-08T16:24:53.329389 #2284]  INFO -- :   Rendered admin/layouts/_head.html.haml (1.3ms)
I, [2018-11-08T16:24:53.348196 #2284]  INFO -- :   Rendered admin/layouts/_navigation.html.haml (18.2ms)
I, [2018-11-08T16:24:53.359535 #2284]  INFO -- :   Rendered admin/layouts/_sidebar.html.haml (11.1ms)
I, [2018-11-08T16:24:53.359804 #2284]  INFO -- :   Rendered admin/layouts/_messages.html.haml (0.1ms)
I, [2018-11-08T16:24:53.360039 #2284]  INFO -- :   Rendered admin/layouts/_preloader.html.haml (0.1ms)
I, [2018-11-08T16:24:53.360200 #2284]  INFO -- :   Rendered admin/layouts/_footer.html.haml (0.0ms)
I, [2018-11-08T16:24:53.360338 #2284]  INFO -- :   Rendered admin/layouts/_keppler_boolean_script.haml (0.0ms)
I, [2018-11-08T16:24:53.360530 #2284]  INFO -- : Completed 200 OK in 189ms (Views: 100.2ms | ActiveRecord: 28.0ms)
I, [2018-11-08T16:24:53.466404 #2284]  INFO -- : Started GET "/assets/vue_admin/index.js" for 127.0.0.1 at 2018-11-08 16:24:53 -0400
I, [2018-11-08T16:24:53.819874 #2284]  INFO -- : Started GET "/admin/scripts/page/1.json" for 127.0.0.1 at 2018-11-08 16:24:53 -0400
I, [2018-11-08T16:24:53.820584 #2284]  INFO -- : Processing by Admin::ScriptsController#index as JSON
I, [2018-11-08T16:24:53.820639 #2284]  INFO -- :   Parameters: {"page"=>"1"}
I, [2018-11-08T16:24:53.835050 #2284]  INFO -- : Completed 200 OK in 14ms (Views: 0.6ms | ActiveRecord: 3.9ms)
I, [2018-11-08T16:24:55.836814 #2284]  INFO -- : Started GET "/admin/meta_tags" for 127.0.0.1 at 2018-11-08 16:24:55 -0400
I, [2018-11-08T16:24:55.837741 #2284]  INFO -- : Processing by Admin::MetaTagsController#index as HTML
I, [2018-11-08T16:24:55.887945 #2284]  INFO -- :   Rendering admin/meta_tags/index.html.haml within admin/layouts/application
I, [2018-11-08T16:24:55.911923 #2284]  INFO -- :   Rendered admin/layouts/_listing_preloader.haml (0.1ms)
I, [2018-11-08T16:24:55.970072 #2284]  INFO -- :   Rendered admin/meta_tags/_listing.html.haml (16.7ms)
I, [2018-11-08T16:24:55.993882 #2284]  INFO -- :   Rendered admin/meta_tags/_description.html.haml (5.5ms)
I, [2018-11-08T16:24:55.994002 #2284]  INFO -- :   Rendered admin/meta_tags/index.html.haml within admin/layouts/application (106.0ms)
I, [2018-11-08T16:24:55.995490 #2284]  INFO -- :   Rendered admin/layouts/_head.html.haml (1.3ms)
I, [2018-11-08T16:24:55.999140 #2284]  INFO -- :   Rendered admin/layouts/_navigation.html.haml (3.4ms)
I, [2018-11-08T16:24:56.014634 #2284]  INFO -- :   Rendered admin/layouts/_sidebar.html.haml (15.3ms)
I, [2018-11-08T16:24:56.014965 #2284]  INFO -- :   Rendered admin/layouts/_messages.html.haml (0.1ms)
I, [2018-11-08T16:24:56.015214 #2284]  INFO -- :   Rendered admin/layouts/_preloader.html.haml (0.1ms)
I, [2018-11-08T16:24:56.015444 #2284]  INFO -- :   Rendered admin/layouts/_footer.html.haml (0.1ms)
I, [2018-11-08T16:24:56.015616 #2284]  INFO -- :   Rendered admin/layouts/_keppler_boolean_script.haml (0.0ms)
I, [2018-11-08T16:24:56.015822 #2284]  INFO -- : Completed 200 OK in 178ms (Views: 125.7ms | ActiveRecord: 10.5ms)
I, [2018-11-08T16:24:56.103735 #2284]  INFO -- : Started GET "/assets/vue_admin/index.js" for 127.0.0.1 at 2018-11-08 16:24:56 -0400
I, [2018-11-08T16:24:56.385609 #2284]  INFO -- : Started GET "/admin/meta_tags/page/1.json" for 127.0.0.1 at 2018-11-08 16:24:56 -0400
I, [2018-11-08T16:24:56.386371 #2284]  INFO -- : Processing by Admin::MetaTagsController#index as JSON
I, [2018-11-08T16:24:56.386449 #2284]  INFO -- :   Parameters: {"page"=>"1"}
I, [2018-11-08T16:24:56.407749 #2284]  INFO -- : Completed 200 OK in 21ms (Views: 1.1ms | ActiveRecord: 6.1ms)
I, [2018-11-08T16:24:58.078877 #2284]  INFO -- : Started GET "/admin/users" for 127.0.0.1 at 2018-11-08 16:24:58 -0400
I, [2018-11-08T16:24:58.080241 #2284]  INFO -- : Processing by Admin::UsersController#index as HTML
I, [2018-11-08T16:24:58.120510 #2284]  INFO -- :   Rendering admin/users/index.html.haml within admin/layouts/application
I, [2018-11-08T16:24:58.210637 #2284]  INFO -- :   Rendered admin/layouts/_listing_preloader.haml (0.6ms)
I, [2018-11-08T16:24:58.331557 #2284]  INFO -- :   Rendered admin/users/_listing.html.haml (101.3ms)
I, [2018-11-08T16:24:58.445990 #2284]  INFO -- :   Rendered public_activity/layout/_update.html.haml (63.6ms)
I, [2018-11-08T16:24:58.450963 #2284]  INFO -- :   Rendered public_activity/layout/_update.html.haml (3.5ms)
I, [2018-11-08T16:24:58.495060 #2284]  INFO -- :   Rendered public_activity/layout/_create.html.haml (39.2ms)
I, [2018-11-08T16:24:58.495835 #2284]  INFO -- :   Rendered admin/users/_description.html.haml (152.5ms)
I, [2018-11-08T16:24:58.496504 #2284]  INFO -- :   Rendered admin/users/index.html.haml within admin/layouts/application (375.5ms)
I, [2018-11-08T16:24:58.508413 #2284]  INFO -- :   Rendered admin/layouts/_head.html.haml (10.6ms)
I, [2018-11-08T16:24:58.542630 #2284]  INFO -- :   Rendered admin/layouts/_navigation.html.haml (32.7ms)
I, [2018-11-08T16:24:58.643871 #2284]  INFO -- :   Rendered admin/layouts/_sidebar.html.haml (99.7ms)
I, [2018-11-08T16:24:58.646320 #2284]  INFO -- :   Rendered admin/layouts/_messages.html.haml (0.6ms)
I, [2018-11-08T16:24:58.648455 #2284]  INFO -- :   Rendered admin/layouts/_preloader.html.haml (1.1ms)
I, [2018-11-08T16:24:58.649606 #2284]  INFO -- :   Rendered admin/layouts/_footer.html.haml (0.2ms)
I, [2018-11-08T16:24:58.650745 #2284]  INFO -- :   Rendered admin/layouts/_keppler_boolean_script.haml (0.2ms)
I, [2018-11-08T16:24:58.652365 #2284]  INFO -- : Completed 200 OK in 572ms (Views: 518.0ms | ActiveRecord: 24.3ms)
I, [2018-11-08T16:24:58.689737 #2284]  INFO -- : Started GET "/assets/vue_admin/index.js" for 127.0.0.1 at 2018-11-08 16:24:58 -0400
I, [2018-11-08T16:24:58.740526 #2284]  INFO -- : Started GET "/admin/users/page/1.json" for 127.0.0.1 at 2018-11-08 16:24:58 -0400
I, [2018-11-08T16:24:58.741311 #2284]  INFO -- : Processing by Admin::UsersController#index as JSON
I, [2018-11-08T16:24:58.741379 #2284]  INFO -- :   Parameters: {"page"=>"1"}
I, [2018-11-08T16:24:58.771478 #2284]  INFO -- : Completed 200 OK in 30ms (Views: 1.0ms | ActiveRecord: 9.2ms)
I, [2018-11-08T16:24:59.581197 #2284]  INFO -- : Started GET "/admin/roles" for 127.0.0.1 at 2018-11-08 16:24:59 -0400
I, [2018-11-08T16:24:59.582709 #2284]  INFO -- : Processing by Admin::RolesController#index as HTML
I, [2018-11-08T16:24:59.614377 #2284]  INFO -- :   Rendering admin/roles/index.html.haml within admin/layouts/application
I, [2018-11-08T16:24:59.647393 #2284]  INFO -- :   Rendered admin/layouts/_listing_preloader.haml (0.1ms)
I, [2018-11-08T16:24:59.672999 #2284]  INFO -- :   Rendered admin/roles/_listing.html.haml (24.3ms)
I, [2018-11-08T16:24:59.679723 #2284]  INFO -- :   Rendered admin/roles/_description.html.haml (4.7ms)
I, [2018-11-08T16:24:59.679846 #2284]  INFO -- :   Rendered admin/roles/index.html.haml within admin/layouts/application (65.3ms)
I, [2018-11-08T16:24:59.681569 #2284]  INFO -- :   Rendered admin/layouts/_head.html.haml (1.5ms)
I, [2018-11-08T16:24:59.686875 #2284]  INFO -- :   Rendered admin/layouts/_navigation.html.haml (5.0ms)
I, [2018-11-08T16:24:59.713662 #2284]  INFO -- :   Rendered admin/layouts/_sidebar.html.haml (26.6ms)
I, [2018-11-08T16:24:59.713955 #2284]  INFO -- :   Rendered admin/layouts/_messages.html.haml (0.1ms)
I, [2018-11-08T16:24:59.714259 #2284]  INFO -- :   Rendered admin/layouts/_preloader.html.haml (0.1ms)
I, [2018-11-08T16:24:59.714426 #2284]  INFO -- :   Rendered admin/layouts/_footer.html.haml (0.0ms)
I, [2018-11-08T16:24:59.714567 #2284]  INFO -- :   Rendered admin/layouts/_keppler_boolean_script.haml (0.0ms)
I, [2018-11-08T16:24:59.714794 #2284]  INFO -- : Completed 200 OK in 132ms (Views: 82.5ms | ActiveRecord: 26.7ms)
I, [2018-11-08T16:24:59.738518 #2284]  INFO -- : Started GET "/assets/vue_admin/index.js" for 127.0.0.1 at 2018-11-08 16:24:59 -0400
I, [2018-11-08T16:24:59.817234 #2284]  INFO -- : Started GET "/admin/roles/page/1.json" for 127.0.0.1 at 2018-11-08 16:24:59 -0400
I, [2018-11-08T16:24:59.817932 #2284]  INFO -- : Processing by Admin::RolesController#index as JSON
I, [2018-11-08T16:24:59.817984 #2284]  INFO -- :   Parameters: {"page"=>"1"}
I, [2018-11-08T16:24:59.835085 #2284]  INFO -- : Completed 200 OK in 17ms (Views: 1.2ms | ActiveRecord: 5.6ms)
I, [2018-11-08T16:25:00.783242 #2284]  INFO -- : Started GET "/admin/users" for 127.0.0.1 at 2018-11-08 16:25:00 -0400
I, [2018-11-08T16:25:00.785018 #2284]  INFO -- : Processing by Admin::UsersController#index as HTML
I, [2018-11-08T16:25:00.809961 #2284]  INFO -- : Started GET "/assets/vue_admin/index.js" for 127.0.0.1 at 2018-11-08 16:25:00 -0400
I, [2018-11-08T16:25:00.841556 #2284]  INFO -- :   Rendering admin/users/index.html.haml within admin/layouts/application
I, [2018-11-08T16:25:00.847033 #2284]  INFO -- :   Rendered admin/layouts/_listing_preloader.haml (0.1ms)
I, [2018-11-08T16:25:00.849429 #2284]  INFO -- :   Rendered admin/users/_listing.html.haml (0.1ms)
I, [2018-11-08T16:25:00.858349 #2284]  INFO -- :   Rendered public_activity/layout/_update.html.haml (4.8ms)
I, [2018-11-08T16:25:00.858967 #2284]  INFO -- :   Rendered public_activity/layout/_update.html.haml (0.4ms)
I, [2018-11-08T16:25:00.859696 #2284]  INFO -- :   Rendered public_activity/layout/_create.html.haml (0.6ms)
I, [2018-11-08T16:25:00.859790 #2284]  INFO -- :   Rendered admin/users/_description.html.haml (8.7ms)
I, [2018-11-08T16:25:00.859915 #2284]  INFO -- :   Rendered admin/users/index.html.haml within admin/layouts/application (18.2ms)
I, [2018-11-08T16:25:00.862035 #2284]  INFO -- :   Rendered admin/layouts/_head.html.haml (1.8ms)
I, [2018-11-08T16:25:00.868428 #2284]  INFO -- :   Rendered admin/layouts/_navigation.html.haml (6.1ms)
I, [2018-11-08T16:25:00.881874 #2284]  INFO -- :   Rendered admin/layouts/_sidebar.html.haml (13.2ms)
I, [2018-11-08T16:25:00.882543 #2284]  INFO -- :   Rendered admin/layouts/_messages.html.haml (0.2ms)
I, [2018-11-08T16:25:00.883170 #2284]  INFO -- :   Rendered admin/layouts/_preloader.html.haml (0.3ms)
I, [2018-11-08T16:25:00.883448 #2284]  INFO -- :   Rendered admin/layouts/_footer.html.haml (0.1ms)
I, [2018-11-08T16:25:00.883686 #2284]  INFO -- :   Rendered admin/layouts/_keppler_boolean_script.haml (0.1ms)
I, [2018-11-08T16:25:00.884071 #2284]  INFO -- : Completed 200 OK in 99ms (Views: 37.6ms | ActiveRecord: 28.3ms)
I, [2018-11-08T16:25:00.932096 #2284]  INFO -- : Started GET "/admin/users/page/1.json" for 127.0.0.1 at 2018-11-08 16:25:00 -0400
I, [2018-11-08T16:25:00.933177 #2284]  INFO -- : Processing by Admin::UsersController#index as JSON
I, [2018-11-08T16:25:00.933260 #2284]  INFO -- :   Parameters: {"page"=>"1"}
I, [2018-11-08T16:25:00.959535 #2284]  INFO -- : Completed 200 OK in 26ms (Views: 1.0ms | ActiveRecord: 7.7ms)
I, [2018-11-08T16:25:00.964405 #2284]  INFO -- : Started GET "/assets/vue_admin/index.js" for 127.0.0.1 at 2018-11-08 16:25:00 -0400
I, [2018-11-08T16:25:00.991879 #2284]  INFO -- : Started GET "/admin/users/page/1.json" for 127.0.0.1 at 2018-11-08 16:25:00 -0400
I, [2018-11-08T16:25:00.992555 #2284]  INFO -- : Processing by Admin::UsersController#index as JSON
I, [2018-11-08T16:25:00.992605 #2284]  INFO -- :   Parameters: {"page"=>"1"}
I, [2018-11-08T16:25:01.020006 #2284]  INFO -- : Completed 200 OK in 27ms (Views: 1.2ms | ActiveRecord: 8.3ms)
I, [2018-11-08T16:25:01.831151 #2284]  INFO -- : Started GET "/admin/users/new" for 127.0.0.1 at 2018-11-08 16:25:01 -0400
I, [2018-11-08T16:25:01.832899 #2284]  INFO -- : Processing by Admin::UsersController#new as HTML
I, [2018-11-08T16:25:01.868238 #2284]  INFO -- :   Rendering admin/users/new.html.haml within admin/layouts/application
I, [2018-11-08T16:25:01.955409 #2284]  INFO -- :   Rendered admin/users/_form.html.haml (82.4ms)
I, [2018-11-08T16:25:01.955621 #2284]  INFO -- :   Rendered admin/users/new.html.haml within admin/layouts/application (87.2ms)
I, [2018-11-08T16:25:01.958673 #2284]  INFO -- :   Rendered admin/layouts/_head.html.haml (2.7ms)
I, [2018-11-08T16:25:01.964127 #2284]  INFO -- :   Rendered admin/layouts/_navigation.html.haml (5.1ms)
I, [2018-11-08T16:25:01.986541 #2284]  INFO -- :   Rendered admin/layouts/_sidebar.html.haml (22.1ms)
I, [2018-11-08T16:25:01.987012 #2284]  INFO -- :   Rendered admin/layouts/_messages.html.haml (0.1ms)
I, [2018-11-08T16:25:01.987527 #2284]  INFO -- :   Rendered admin/layouts/_preloader.html.haml (0.3ms)
I, [2018-11-08T16:25:01.987794 #2284]  INFO -- :   Rendered admin/layouts/_footer.html.haml (0.1ms)
I, [2018-11-08T16:25:01.988109 #2284]  INFO -- :   Rendered admin/layouts/_keppler_boolean_script.haml (0.1ms)
I, [2018-11-08T16:25:01.988496 #2284]  INFO -- : Completed 200 OK in 155ms (Views: 119.7ms | ActiveRecord: 9.5ms)
I, [2018-11-08T16:25:07.948257 #2284]  INFO -- : Started GET "/admin/settings/basic_information" for 127.0.0.1 at 2018-11-08 16:25:07 -0400
I, [2018-11-08T16:25:07.949702 #2284]  INFO -- : Processing by Admin::SettingsController#edit as HTML
I, [2018-11-08T16:25:07.949791 #2284]  INFO -- :   Parameters: {"config"=>"basic_information"}
I, [2018-11-08T16:25:07.986257 #2284]  INFO -- :   Rendering admin/settings/edit.html.haml within admin/layouts/application
I, [2018-11-08T16:25:08.042094 #2284]  INFO -- :   Rendered admin/settings/fields/_basic_information.html.haml (26.7ms)
I, [2018-11-08T16:25:08.042547 #2284]  INFO -- :   Rendered admin/settings/_form.html.haml (49.1ms)
I, [2018-11-08T16:25:08.042628 #2284]  INFO -- :   Rendered admin/settings/edit.html.haml within admin/layouts/application (56.2ms)
I, [2018-11-08T16:25:08.044248 #2284]  INFO -- :   Rendered admin/layouts/_head.html.haml (1.4ms)
I, [2018-11-08T16:25:08.047037 #2284]  INFO -- :   Rendered admin/layouts/_navigation.html.haml (2.6ms)
I, [2018-11-08T16:25:08.057582 #2284]  INFO -- :   Rendered admin/layouts/_sidebar.html.haml (10.4ms)
I, [2018-11-08T16:25:08.057963 #2284]  INFO -- :   Rendered admin/layouts/_messages.html.haml (0.1ms)
I, [2018-11-08T16:25:08.058367 #2284]  INFO -- :   Rendered admin/layouts/_preloader.html.haml (0.2ms)
I, [2018-11-08T16:25:08.058520 #2284]  INFO -- :   Rendered admin/layouts/_footer.html.haml (0.0ms)
I, [2018-11-08T16:25:08.058664 #2284]  INFO -- :   Rendered admin/layouts/_keppler_boolean_script.haml (0.0ms)
I, [2018-11-08T16:25:08.058899 #2284]  INFO -- : Completed 200 OK in 109ms (Views: 72.7ms | ActiveRecord: 5.6ms)
I, [2018-11-08T16:25:08.128353 #2284]  INFO -- : Started GET "/assets/admin/profile-menu.jpg" for 127.0.0.1 at 2018-11-08 16:25:08 -0400
I, [2018-11-08T16:25:11.298022 #2284]  INFO -- : Started GET "/admin/settings/email_setting" for 127.0.0.1 at 2018-11-08 16:25:11 -0400
I, [2018-11-08T16:25:11.299578 #2284]  INFO -- : Processing by Admin::SettingsController#edit as HTML
I, [2018-11-08T16:25:11.299705 #2284]  INFO -- :   Parameters: {"config"=>"email_setting"}
I, [2018-11-08T16:25:11.326725 #2284]  INFO -- :   Rendering admin/settings/edit.html.haml within admin/layouts/application
I, [2018-11-08T16:25:11.367565 #2284]  INFO -- :   Rendered admin/settings/fields/_email_setting.html.haml (31.5ms)
I, [2018-11-08T16:25:11.367957 #2284]  INFO -- :   Rendered admin/settings/_form.html.haml (40.1ms)
I, [2018-11-08T16:25:11.368034 #2284]  INFO -- :   Rendered admin/settings/edit.html.haml within admin/layouts/application (41.2ms)
I, [2018-11-08T16:25:11.369811 #2284]  INFO -- :   Rendered admin/layouts/_head.html.haml (1.5ms)
I, [2018-11-08T16:25:11.372877 #2284]  INFO -- :   Rendered admin/layouts/_navigation.html.haml (2.9ms)
I, [2018-11-08T16:25:11.384016 #2284]  INFO -- :   Rendered admin/layouts/_sidebar.html.haml (10.9ms)
I, [2018-11-08T16:25:11.384316 #2284]  INFO -- :   Rendered admin/layouts/_messages.html.haml (0.1ms)
I, [2018-11-08T16:25:11.384556 #2284]  INFO -- :   Rendered admin/layouts/_preloader.html.haml (0.1ms)
I, [2018-11-08T16:25:11.384747 #2284]  INFO -- :   Rendered admin/layouts/_footer.html.haml (0.0ms)
I, [2018-11-08T16:25:11.384890 #2284]  INFO -- :   Rendered admin/layouts/_keppler_boolean_script.haml (0.0ms)
I, [2018-11-08T16:25:11.385100 #2284]  INFO -- : Completed 200 OK in 85ms (Views: 54.0ms | ActiveRecord: 11.9ms)
I, [2018-11-08T16:25:14.412232 #2284]  INFO -- : Started GET "/admin/settings/social_accounts" for 127.0.0.1 at 2018-11-08 16:25:14 -0400
I, [2018-11-08T16:25:14.413957 #2284]  INFO -- : Processing by Admin::SettingsController#edit as HTML
I, [2018-11-08T16:25:14.414099 #2284]  INFO -- :   Parameters: {"config"=>"social_accounts"}
I, [2018-11-08T16:25:14.431532 #2284]  INFO -- :   Rendering admin/settings/edit.html.haml within admin/layouts/application
I, [2018-11-08T16:25:14.540731 #2284]  INFO -- :   Rendered admin/settings/fields/_social_accounts.html.haml (107.1ms)
I, [2018-11-08T16:25:14.541164 #2284]  INFO -- :   Rendered admin/settings/_form.html.haml (108.9ms)
I, [2018-11-08T16:25:14.541254 #2284]  INFO -- :   Rendered admin/settings/edit.html.haml within admin/layouts/application (109.6ms)
I, [2018-11-08T16:25:14.543189 #2284]  INFO -- :   Rendered admin/layouts/_head.html.haml (1.7ms)
I, [2018-11-08T16:25:14.547747 #2284]  INFO -- :   Rendered admin/layouts/_navigation.html.haml (3.9ms)
I, [2018-11-08T16:25:14.558301 #2284]  INFO -- :   Rendered admin/layouts/_sidebar.html.haml (10.4ms)
I, [2018-11-08T16:25:14.558548 #2284]  INFO -- :   Rendered admin/layouts/_messages.html.haml (0.1ms)
I, [2018-11-08T16:25:14.558805 #2284]  INFO -- :   Rendered admin/layouts/_preloader.html.haml (0.1ms)
I, [2018-11-08T16:25:14.558952 #2284]  INFO -- :   Rendered admin/layouts/_footer.html.haml (0.0ms)
I, [2018-11-08T16:25:14.559141 #2284]  INFO -- :   Rendered admin/layouts/_keppler_boolean_script.haml (0.0ms)
I, [2018-11-08T16:25:14.559349 #2284]  INFO -- : Completed 200 OK in 145ms (Views: 127.4ms | ActiveRecord: 5.0ms)
I, [2018-11-08T16:36:14.759289 #2284]  INFO -- : Started GET "/admin/settings/google_analytics_setting" for 127.0.0.1 at 2018-11-08 16:36:14 -0400
I, [2018-11-08T16:36:14.891936 #2284]  INFO -- : Processing by Admin::SettingsController#edit as HTML
I, [2018-11-08T16:36:14.892222 #2284]  INFO -- :   Parameters: {"config"=>"google_analytics_setting"}
I, [2018-11-08T16:36:15.531889 #2284]  INFO -- :   Rendering admin/settings/edit.html.haml within admin/layouts/application
I, [2018-11-08T16:36:15.680818 #2284]  INFO -- :   Rendered admin/settings/fields/_google_analytics_setting.html.haml (37.3ms)
I, [2018-11-08T16:36:15.681325 #2284]  INFO -- :   Rendered admin/settings/_form.html.haml (103.2ms)
I, [2018-11-08T16:36:15.681441 #2284]  INFO -- :   Rendered admin/settings/edit.html.haml within admin/layouts/application (149.4ms)
I, [2018-11-08T16:36:15.683968 #2284]  INFO -- :   Rendered admin/layouts/_head.html.haml (2.2ms)
I, [2018-11-08T16:36:15.688081 #2284]  INFO -- :   Rendered admin/layouts/_navigation.html.haml (3.7ms)
I, [2018-11-08T16:36:15.700217 #2284]  INFO -- :   Rendered admin/layouts/_sidebar.html.haml (11.9ms)
I, [2018-11-08T16:36:15.700537 #2284]  INFO -- :   Rendered admin/layouts/_messages.html.haml (0.1ms)
I, [2018-11-08T16:36:15.700821 #2284]  INFO -- :   Rendered admin/layouts/_preloader.html.haml (0.1ms)
I, [2018-11-08T16:36:15.700961 #2284]  INFO -- :   Rendered admin/layouts/_footer.html.haml (0.0ms)
I, [2018-11-08T16:36:15.701104 #2284]  INFO -- :   Rendered admin/layouts/_keppler_boolean_script.haml (0.0ms)
I, [2018-11-08T16:36:15.701365 #2284]  INFO -- : Completed 200 OK in 809ms (Views: 168.1ms | ActiveRecord: 118.1ms)
I, [2018-11-08T16:36:17.959085 #2284]  INFO -- : Started GET "/admin/settings/basic_information" for 127.0.0.1 at 2018-11-08 16:36:17 -0400
I, [2018-11-08T16:36:17.962819 #2284]  INFO -- : Processing by Admin::SettingsController#edit as HTML
I, [2018-11-08T16:36:17.962935 #2284]  INFO -- :   Parameters: {"config"=>"basic_information"}
I, [2018-11-08T16:36:17.999458 #2284]  INFO -- :   Rendering admin/settings/edit.html.haml within admin/layouts/application
I, [2018-11-08T16:36:18.014725 #2284]  INFO -- :   Rendered admin/settings/fields/_basic_information.html.haml (13.0ms)
I, [2018-11-08T16:36:18.015670 #2284]  INFO -- :   Rendered admin/settings/_form.html.haml (14.7ms)
I, [2018-11-08T16:36:18.015880 #2284]  INFO -- :   Rendered admin/settings/edit.html.haml within admin/layouts/application (16.2ms)
I, [2018-11-08T16:36:18.018757 #2284]  INFO -- :   Rendered admin/layouts/_head.html.haml (2.6ms)
I, [2018-11-08T16:36:18.024298 #2284]  INFO -- :   Rendered admin/layouts/_navigation.html.haml (5.1ms)
I, [2018-11-08T16:36:18.040812 #2284]  INFO -- :   Rendered admin/layouts/_sidebar.html.haml (16.2ms)
I, [2018-11-08T16:36:18.041257 #2284]  INFO -- :   Rendered admin/layouts/_messages.html.haml (0.1ms)
I, [2018-11-08T16:36:18.041609 #2284]  INFO -- :   Rendered admin/layouts/_preloader.html.haml (0.2ms)
I, [2018-11-08T16:36:18.041818 #2284]  INFO -- :   Rendered admin/layouts/_footer.html.haml (0.0ms)
I, [2018-11-08T16:36:18.041983 #2284]  INFO -- :   Rendered admin/layouts/_keppler_boolean_script.haml (0.0ms)
I, [2018-11-08T16:36:18.042261 #2284]  INFO -- : Completed 200 OK in 79ms (Views: 42.3ms | ActiveRecord: 18.8ms)
I, [2018-11-08T16:36:18.142496 #2284]  INFO -- : Started GET "/assets/admin/profile-menu.jpg" for 127.0.0.1 at 2018-11-08 16:36:18 -0400
I, [2018-11-08T16:36:19.605132 #2284]  INFO -- : Started GET "/admin/settings/email_setting" for 127.0.0.1 at 2018-11-08 16:36:19 -0400
I, [2018-11-08T16:36:19.606721 #2284]  INFO -- : Processing by Admin::SettingsController#edit as HTML
I, [2018-11-08T16:36:19.606869 #2284]  INFO -- :   Parameters: {"config"=>"email_setting"}
I, [2018-11-08T16:36:19.639229 #2284]  INFO -- :   Rendering admin/settings/edit.html.haml within admin/layouts/application
I, [2018-11-08T16:36:19.660029 #2284]  INFO -- :   Rendered admin/settings/fields/_email_setting.html.haml (18.4ms)
I, [2018-11-08T16:36:19.660946 #2284]  INFO -- :   Rendered admin/settings/_form.html.haml (20.2ms)
I, [2018-11-08T16:36:19.661152 #2284]  INFO -- :   Rendered admin/settings/edit.html.haml within admin/layouts/application (21.7ms)
I, [2018-11-08T16:36:19.664466 #2284]  INFO -- :   Rendered admin/layouts/_head.html.haml (2.9ms)
I, [2018-11-08T16:36:19.672746 #2284]  INFO -- :   Rendered admin/layouts/_navigation.html.haml (7.7ms)
I, [2018-11-08T16:36:19.695722 #2284]  INFO -- :   Rendered admin/layouts/_sidebar.html.haml (22.5ms)
I, [2018-11-08T16:36:19.696464 #2284]  INFO -- :   Rendered admin/layouts/_messages.html.haml (0.2ms)
I, [2018-11-08T16:36:19.697066 #2284]  INFO -- :   Rendered admin/layouts/_preloader.html.haml (0.3ms)
I, [2018-11-08T16:36:19.697345 #2284]  INFO -- :   Rendered admin/layouts/_footer.html.haml (0.1ms)
I, [2018-11-08T16:36:19.697671 #2284]  INFO -- :   Rendered admin/layouts/_keppler_boolean_script.haml (0.1ms)
I, [2018-11-08T16:36:19.698083 #2284]  INFO -- : Completed 200 OK in 91ms (Views: 57.3ms | ActiveRecord: 10.6ms)
I, [2018-11-08T16:36:21.465435 #2284]  INFO -- : Started GET "/admin/settings/google_analytics_setting" for 127.0.0.1 at 2018-11-08 16:36:21 -0400
I, [2018-11-08T16:36:21.466792 #2284]  INFO -- : Processing by Admin::SettingsController#edit as HTML
I, [2018-11-08T16:36:21.466907 #2284]  INFO -- :   Parameters: {"config"=>"google_analytics_setting"}
I, [2018-11-08T16:36:21.489391 #2284]  INFO -- :   Rendering admin/settings/edit.html.haml within admin/layouts/application
I, [2018-11-08T16:36:21.498840 #2284]  INFO -- :   Rendered admin/settings/fields/_google_analytics_setting.html.haml (7.9ms)
I, [2018-11-08T16:36:21.499264 #2284]  INFO -- :   Rendered admin/settings/_form.html.haml (8.9ms)
I, [2018-11-08T16:36:21.499341 #2284]  INFO -- :   Rendered admin/settings/edit.html.haml within admin/layouts/application (9.8ms)
I, [2018-11-08T16:36:21.500750 #2284]  INFO -- :   Rendered admin/layouts/_head.html.haml (1.2ms)
I, [2018-11-08T16:36:21.503868 #2284]  INFO -- :   Rendered admin/layouts/_navigation.html.haml (2.9ms)
I, [2018-11-08T16:36:21.520896 #2284]  INFO -- :   Rendered admin/layouts/_sidebar.html.haml (16.8ms)
I, [2018-11-08T16:36:21.521307 #2284]  INFO -- :   Rendered admin/layouts/_messages.html.haml (0.1ms)
I, [2018-11-08T16:36:21.521764 #2284]  INFO -- :   Rendered admin/layouts/_preloader.html.haml (0.2ms)
I, [2018-11-08T16:36:21.521925 #2284]  INFO -- :   Rendered admin/layouts/_footer.html.haml (0.0ms)
I, [2018-11-08T16:36:21.522065 #2284]  INFO -- :   Rendered admin/layouts/_keppler_boolean_script.haml (0.0ms)
I, [2018-11-08T16:36:21.522323 #2284]  INFO -- : Completed 200 OK in 55ms (Views: 31.8ms | ActiveRecord: 7.7ms)
I, [2018-11-08T16:36:23.863260 #2284]  INFO -- : Started GET "/admin/settings/social_accounts" for 127.0.0.1 at 2018-11-08 16:36:23 -0400
I, [2018-11-08T16:36:23.865085 #2284]  INFO -- : Processing by Admin::SettingsController#edit as HTML
I, [2018-11-08T16:36:23.865245 #2284]  INFO -- :   Parameters: {"config"=>"social_accounts"}
I, [2018-11-08T16:36:23.893889 #2284]  INFO -- :   Rendering admin/settings/edit.html.haml within admin/layouts/application
I, [2018-11-08T16:36:24.255773 #2284]  INFO -- :   Rendered admin/settings/fields/_social_accounts.html.haml (359.6ms)
I, [2018-11-08T16:36:24.256557 #2284]  INFO -- :   Rendered admin/settings/_form.html.haml (361.1ms)
I, [2018-11-08T16:36:24.256720 #2284]  INFO -- :   Rendered admin/settings/edit.html.haml within admin/layouts/application (362.6ms)
I, [2018-11-08T16:36:24.259505 #2284]  INFO -- :   Rendered admin/layouts/_head.html.haml (2.5ms)
I, [2018-11-08T16:36:24.264943 #2284]  INFO -- :   Rendered admin/layouts/_navigation.html.haml (5.1ms)
I, [2018-11-08T16:36:24.284827 #2284]  INFO -- :   Rendered admin/layouts/_sidebar.html.haml (19.6ms)
I, [2018-11-08T16:36:24.285247 #2284]  INFO -- :   Rendered admin/layouts/_messages.html.haml (0.1ms)
I, [2018-11-08T16:36:24.285778 #2284]  INFO -- :   Rendered admin/layouts/_preloader.html.haml (0.3ms)
I, [2018-11-08T16:36:24.286076 #2284]  INFO -- :   Rendered admin/layouts/_footer.html.haml (0.1ms)
I, [2018-11-08T16:36:24.286361 #2284]  INFO -- :   Rendered admin/layouts/_keppler_boolean_script.haml (0.1ms)
I, [2018-11-08T16:36:24.286729 #2284]  INFO -- : Completed 200 OK in 421ms (Views: 392.3ms | ActiveRecord: 7.1ms)
I, [2018-11-08T16:36:26.371009 #2284]  INFO -- : Started GET "/admin/meta_tags" for 127.0.0.1 at 2018-11-08 16:36:26 -0400
I, [2018-11-08T16:36:26.372238 #2284]  INFO -- : Processing by Admin::MetaTagsController#index as HTML
I, [2018-11-08T16:36:26.375990 #2284]  INFO -- : Started GET "/assets/vue_admin/index.js" for 127.0.0.1 at 2018-11-08 16:36:26 -0400
I, [2018-11-08T16:36:26.394339 #2284]  INFO -- :   Rendering admin/meta_tags/index.html.haml within admin/layouts/application
I, [2018-11-08T16:36:26.402953 #2284]  INFO -- :   Rendered admin/layouts/_listing_preloader.haml (0.1ms)
I, [2018-11-08T16:36:26.404394 #2284]  INFO -- :   Rendered admin/meta_tags/_listing.html.haml (1.2ms)
I, [2018-11-08T16:36:26.407521 #2284]  INFO -- :   Rendered admin/meta_tags/_description.html.haml (2.6ms)
I, [2018-11-08T16:36:26.407698 #2284]  INFO -- :   Rendered admin/meta_tags/index.html.haml within admin/layouts/application (13.2ms)
I, [2018-11-08T16:36:26.409634 #2284]  INFO -- :   Rendered admin/layouts/_head.html.haml (1.7ms)
I, [2018-11-08T16:36:26.413159 #2284]  INFO -- :   Rendered admin/layouts/_navigation.html.haml (3.3ms)
I, [2018-11-08T16:36:26.427478 #2284]  INFO -- :   Rendered admin/layouts/_sidebar.html.haml (14.1ms)
I, [2018-11-08T16:36:26.428323 #2284]  INFO -- :   Rendered admin/layouts/_messages.html.haml (0.1ms)
I, [2018-11-08T16:36:26.428740 #2284]  INFO -- :   Rendered admin/layouts/_preloader.html.haml (0.2ms)
I, [2018-11-08T16:36:26.428975 #2284]  INFO -- :   Rendered admin/layouts/_footer.html.haml (0.0ms)
I, [2018-11-08T16:36:26.429204 #2284]  INFO -- :   Rendered admin/layouts/_keppler_boolean_script.haml (0.1ms)
I, [2018-11-08T16:36:26.429519 #2284]  INFO -- : Completed 200 OK in 57ms (Views: 31.0ms | ActiveRecord: 11.5ms)
I, [2018-11-08T16:36:26.427992 #2284]  INFO -- : Started GET "/admin/meta_tags/page/1.json" for 127.0.0.1 at 2018-11-08 16:36:26 -0400
I, [2018-11-08T16:36:26.430981 #2284]  INFO -- : Processing by Admin::MetaTagsController#index as JSON
I, [2018-11-08T16:36:26.431062 #2284]  INFO -- :   Parameters: {"page"=>"1"}
I, [2018-11-08T16:36:26.468572 #2284]  INFO -- : Started GET "/assets/vue_admin/index.js" for 127.0.0.1 at 2018-11-08 16:36:26 -0400
I, [2018-11-08T16:36:26.481616 #2284]  INFO -- : Completed 200 OK in 50ms (Views: 1.1ms | ActiveRecord: 20.6ms)
I, [2018-11-08T16:36:26.515004 #2284]  INFO -- : Started GET "/admin/meta_tags/page/1.json" for 127.0.0.1 at 2018-11-08 16:36:26 -0400
I, [2018-11-08T16:36:26.516432 #2284]  INFO -- : Processing by Admin::MetaTagsController#index as JSON
I, [2018-11-08T16:36:26.516560 #2284]  INFO -- :   Parameters: {"page"=>"1"}
I, [2018-11-08T16:36:26.545598 #2284]  INFO -- : Completed 200 OK in 29ms (Views: 0.8ms | ActiveRecord: 7.2ms)
I, [2018-11-08T16:36:27.626777 #2284]  INFO -- : Started GET "/admin/meta_tags/new" for 127.0.0.1 at 2018-11-08 16:36:27 -0400
I, [2018-11-08T16:36:27.628454 #2284]  INFO -- : Processing by Admin::MetaTagsController#new as HTML
I, [2018-11-08T16:36:27.745995 #2284]  INFO -- :   Rendering admin/meta_tags/new.html.haml within admin/layouts/application
I, [2018-11-08T16:36:27.780911 #2284]  INFO -- :   Rendered admin/meta_tags/_form.html.haml (27.2ms)
I, [2018-11-08T16:36:27.781037 #2284]  INFO -- :   Rendered admin/meta_tags/new.html.haml within admin/layouts/application (34.9ms)
I, [2018-11-08T16:36:27.782482 #2284]  INFO -- :   Rendered admin/layouts/_head.html.haml (1.3ms)
I, [2018-11-08T16:36:27.785322 #2284]  INFO -- :   Rendered admin/layouts/_navigation.html.haml (2.6ms)
I, [2018-11-08T16:36:27.796252 #2284]  INFO -- :   Rendered admin/layouts/_sidebar.html.haml (10.8ms)
I, [2018-11-08T16:36:27.796515 #2284]  INFO -- :   Rendered admin/layouts/_messages.html.haml (0.1ms)
I, [2018-11-08T16:36:27.796808 #2284]  INFO -- :   Rendered admin/layouts/_preloader.html.haml (0.2ms)
I, [2018-11-08T16:36:27.796969 #2284]  INFO -- :   Rendered admin/layouts/_footer.html.haml (0.1ms)
I, [2018-11-08T16:36:27.797109 #2284]  INFO -- :   Rendered admin/layouts/_keppler_boolean_script.haml (0.0ms)
I, [2018-11-08T16:36:27.797306 #2284]  INFO -- : Completed 200 OK in 169ms (Views: 50.8ms | ActiveRecord: 14.4ms)
I, [2018-11-09T15:20:40.476632 #30297]  INFO -- : Started GET "/admin/dashboard" for 127.0.0.1 at 2018-11-09 15:20:40 -0400
I, [2018-11-09T15:20:40.522828 #30297]  INFO -- : Processing by KepplerGaDashboard::Admin::DashboardController#analytics as HTML
I, [2018-11-09T15:20:40.882834 #30297]  INFO -- : Completed 401 Unauthorized in 360ms (ActiveRecord: 146.1ms)
I, [2018-11-09T15:20:40.934001 #30297]  INFO -- : Started GET "/users/sign_in" for 127.0.0.1 at 2018-11-09 15:20:40 -0400
I, [2018-11-09T15:20:40.936122 #30297]  INFO -- : Processing by Devise::SessionsController#new as HTML
I, [2018-11-09T15:20:41.085867 #30297]  INFO -- :   Rendering devise/sessions/new.html.haml within admin/layouts/application
I, [2018-11-09T15:20:41.105712 #30297]  INFO -- :   Rendered devise/sessions/new.html.haml within admin/layouts/application (19.6ms)
I, [2018-11-09T15:22:07.752805 #30297]  INFO -- :   Rendered admin/layouts/_head.html.haml (86636.4ms)
I, [2018-11-09T15:22:07.756940 #30297]  INFO -- :   Rendered admin/layouts/_keppler_boolean_script.haml (2.4ms)
I, [2018-11-09T15:22:07.757408 #30297]  INFO -- : Completed 200 OK in 86821ms (Views: 86734.2ms | ActiveRecord: 9.4ms)
I, [2018-11-09T15:22:07.790273 #30297]  INFO -- : Started GET "/assets/admin/application-8d5881fd7664c0fa5b39a588b2c1287facd859b8ebf1d5a57ebfe734fa08f896.css" for 127.0.0.1 at 2018-11-09 15:22:07 -0400
I, [2018-11-09T15:22:07.790599 #30297]  INFO -- : Started GET "/assets/admin/application-a167cd4ba4ec02ef9541257c68c5e1e9acade3a676a25defa71da6139767ae0c.js" for 127.0.0.1 at 2018-11-09 15:22:07 -0400
I, [2018-11-09T15:22:08.391873 #30297]  INFO -- : Started GET "/assets/admin/profile-menu.jpg" for 127.0.0.1 at 2018-11-09 15:22:08 -0400
I, [2018-11-09T15:22:08.403568 #30297]  INFO -- : Started GET "/assets/admin/fonts-and-icons/ZXuke1cDvLCKLDcimxB44_lu.woff2" for 127.0.0.1 at 2018-11-09 15:22:08 -0400
I, [2018-11-09T15:22:08.437938 #30297]  INFO -- : Started GET "/assetsadmin/fonts-and-icons/fonts/Simple-Line-Icons.woff2?v=2.4.0" for 127.0.0.1 at 2018-11-09 15:22:08 -0400
I, [2018-11-09T15:22:14.919796 #30297]  INFO -- : Started POST "/users/sign_in" for 127.0.0.1 at 2018-11-09 15:22:14 -0400
I, [2018-11-09T15:22:14.921073 #30297]  INFO -- : Processing by Devise::SessionsController#create as HTML
I, [2018-11-09T15:22:14.921215 #30297]  INFO -- :   Parameters: {"utf8"=>"✓", "authenticity_token"=>"ptMcSYifLEUQA/acZcz8uOxTlYjDsur2hkHkMb3Cftk7gs8JvA0qHke2pgPbfQ5eRNHJ8je2GcIKZztJDwqgsg==", "user"=>{"email"=>"admin@keppleradmin.com", "password"=>"[FILTERED]"}, "commit"=>"Log in"}
I, [2018-11-09T15:22:16.028584 #30297]  INFO -- : Redirected to http://localhost:3000/admin/dashboard/
I, [2018-11-09T15:22:16.028976 #30297]  INFO -- : Completed 302 Found in 1108ms (ActiveRecord: 145.7ms)
I, [2018-11-09T15:22:16.047961 #30297]  INFO -- : Started GET "/admin/dashboard/" for 127.0.0.1 at 2018-11-09 15:22:16 -0400
I, [2018-11-09T15:22:16.049194 #30297]  INFO -- : Processing by KepplerGaDashboard::Admin::DashboardController#analytics as HTML
I, [2018-11-09T15:22:18.352939 #30297]  INFO -- :   Rendering rockets/keppler_ga_dashboard/app/views/keppler_ga_dashboard/admin/dashboard/analytics.html.haml within keppler_ga_dashboard/admin/layouts/application
I, [2018-11-09T15:22:18.441941 #30297]  INFO -- :   Rendered rockets/keppler_ga_dashboard/app/views/keppler_ga_dashboard/admin/dashboard/analytics.html.haml within keppler_ga_dashboard/admin/layouts/application (88.8ms)
I, [2018-11-09T15:22:18.457296 #30297]  INFO -- :   Rendered rockets/keppler_ga_dashboard/app/views/keppler_ga_dashboard/admin/layouts/_head.html.haml (7.5ms)
I, [2018-11-09T15:22:18.482737 #30297]  INFO -- :   Rendered admin/layouts/_navigation.html.haml (24.4ms)
I, [2018-11-09T15:22:18.997319 #30297]  INFO -- :   Rendered admin/layouts/_sidebar.html.haml (513.5ms)
I, [2018-11-09T15:22:19.003939 #30297]  INFO -- :   Rendered admin/layouts/_messages.html.haml (5.2ms)
I, [2018-11-09T15:22:19.017113 #30297]  INFO -- :   Rendered admin/layouts/_preloader.html.haml (10.8ms)
I, [2018-11-09T15:22:19.021846 #30297]  INFO -- :   Rendered admin/layouts/_footer.html.haml (3.2ms)
I, [2018-11-09T15:22:19.022377 #30297]  INFO -- :   Rendered admin/layouts/_keppler_boolean_script.haml (0.1ms)
I, [2018-11-09T15:22:19.022933 #30297]  INFO -- : Completed 200 OK in 2973ms (Views: 664.4ms | ActiveRecord: 14.1ms)
I, [2018-11-09T15:22:19.403965 #30297]  INFO -- : Started GET "/assets/keppler_ga_dashboard/view-selector2.js?body=1" for 127.0.0.1 at 2018-11-09 15:22:19 -0400
I, [2018-11-09T15:22:20.007769 #30297]  INFO -- : Started GET "/assets/keppler_ga_dashboard/date-range-selector.self.js?body=1" for 127.0.0.1 at 2018-11-09 15:22:20 -0400
I, [2018-11-09T15:22:20.021969 #30297]  INFO -- : Started GET "/assets/keppler_ga_dashboard/active-users.self.js?body=1" for 127.0.0.1 at 2018-11-09 15:22:20 -0400
I, [2018-11-09T15:22:20.088131 #30297]  INFO -- : Started GET "/assetsadmin/fonts-and-icons/fonts/Simple-Line-Icons.woff2?v=2.4.0" for 127.0.0.1 at 2018-11-09 15:22:20 -0400
I, [2018-11-09T15:22:20.088444 #30297]  INFO -- : Started GET "/assets/admin/fonts-and-icons/ZXuke1cDvLCKLDcimxB44_lu.woff2" for 127.0.0.1 at 2018-11-09 15:22:20 -0400
I, [2018-11-09T15:25:44.476191 #30297]  INFO -- : Started GET "/assets/keppler_ga_dashboard/view-selector2.js.map" for 127.0.0.1 at 2018-11-09 15:25:44 -0400
I, [2018-11-09T15:25:44.544245 #30297]  INFO -- : Started GET "/assets/keppler_ga_dashboard/active-users.js.map" for 127.0.0.1 at 2018-11-09 15:25:44 -0400
I, [2018-11-09T15:25:44.546772 #30297]  INFO -- : Started GET "/assets/keppler_ga_dashboard/date-range-selector.js.map" for 127.0.0.1 at 2018-11-09 15:25:44 -0400
I, [2018-11-09T15:26:07.369529 #30297]  INFO -- : Started GET "/admin/dashboard/" for 127.0.0.1 at 2018-11-09 15:26:07 -0400
I, [2018-11-09T15:26:07.402336 #30297]  INFO -- : Processing by KepplerGaDashboard::Admin::DashboardController#analytics as HTML
I, [2018-11-09T15:26:11.015063 #30297]  INFO -- :   Rendering rockets/keppler_ga_dashboard/app/views/keppler_ga_dashboard/admin/dashboard/analytics.html.haml within keppler_ga_dashboard/admin/layouts/application
I, [2018-11-09T15:26:11.084972 #30297]  INFO -- :   Rendered rockets/keppler_ga_dashboard/app/views/keppler_ga_dashboard/admin/dashboard/analytics.html.haml within keppler_ga_dashboard/admin/layouts/application (69.7ms)
I, [2018-11-09T15:26:19.241941 #30297]  INFO -- :   Rendered rockets/keppler_ga_dashboard/app/views/keppler_ga_dashboard/admin/layouts/_head.html.haml (8149.2ms)
I, [2018-11-09T15:26:19.283200 #30297]  INFO -- :   Rendered admin/layouts/_navigation.html.haml (40.4ms)
I, [2018-11-09T15:26:19.502722 #30297]  INFO -- :   Rendered admin/layouts/_sidebar.html.haml (218.3ms)
I, [2018-11-09T15:26:19.509162 #30297]  INFO -- :   Rendered admin/layouts/_messages.html.haml (4.8ms)
I, [2018-11-09T15:26:19.516787 #30297]  INFO -- :   Rendered admin/layouts/_preloader.html.haml (6.6ms)
I, [2018-11-09T15:26:19.520636 #30297]  INFO -- :   Rendered admin/layouts/_footer.html.haml (2.8ms)
I, [2018-11-09T15:26:19.524658 #30297]  INFO -- :   Rendered admin/layouts/_keppler_boolean_script.haml (2.9ms)
I, [2018-11-09T15:26:19.525207 #30297]  INFO -- : Completed 200 OK in 12122ms (Views: 8503.6ms | ActiveRecord: 89.9ms)
I, [2018-11-09T15:26:20.031712 #30297]  INFO -- : Started GET "/assets/keppler_ga_dashboard/view-selector2.js?body=1" for 127.0.0.1 at 2018-11-09 15:26:20 -0400
I, [2018-11-09T15:26:20.125745 #30297]  INFO -- : Started GET "/assets/keppler_ga_dashboard/date-range-selector.self.js?body=1" for 127.0.0.1 at 2018-11-09 15:26:20 -0400
I, [2018-11-09T15:26:20.131385 #30297]  INFO -- : Started GET "/assets/keppler_ga_dashboard/active-users.self.js?body=1" for 127.0.0.1 at 2018-11-09 15:26:20 -0400
I, [2018-11-09T15:26:20.307977 #30297]  INFO -- : Started GET "/assetsadmin/fonts-and-icons/fonts/Simple-Line-Icons.woff2?v=2.4.0" for 127.0.0.1 at 2018-11-09 15:26:20 -0400
I, [2018-11-09T15:26:20.315767 #30297]  INFO -- : Started GET "/assets/admin/fonts-and-icons/ZXuke1cDvLCKLDcimxB44_lu.woff2" for 127.0.0.1 at 2018-11-09 15:26:20 -0400
I, [2018-11-09T15:26:21.901460 #30297]  INFO -- : Started GET "/assets/admin/favicon-8502ac8dee08af63f06b51ba4bfe7d73ad822453cd728df71ea061669dfda46d.png" for 127.0.0.1 at 2018-11-09 15:26:21 -0400
I, [2018-11-09T15:26:24.485467 #30297]  INFO -- : Started GET "/admin/settings/basic_information" for 127.0.0.1 at 2018-11-09 15:26:24 -0400
I, [2018-11-09T15:26:24.486707 #30297]  INFO -- : Processing by Admin::SettingsController#edit as HTML
I, [2018-11-09T15:26:24.486845 #30297]  INFO -- :   Parameters: {"config"=>"basic_information"}
I, [2018-11-09T15:26:24.523481 #30297]  INFO -- :   Rendering admin/settings/edit.html.haml within admin/layouts/application
I, [2018-11-09T15:26:24.632257 #30297]  INFO -- :   Rendered admin/settings/fields/_basic_information.html.haml (75.1ms)
I, [2018-11-09T15:26:24.632745 #30297]  INFO -- :   Rendered admin/settings/_form.html.haml (103.7ms)
I, [2018-11-09T15:26:24.632840 #30297]  INFO -- :   Rendered admin/settings/edit.html.haml within admin/layouts/application (109.2ms)
I, [2018-11-09T15:26:24.647941 #30297]  INFO -- :   Rendered admin/layouts/_head.html.haml (5.9ms)
I, [2018-11-09T15:26:24.722314 #30297]  INFO -- :   Rendered admin/layouts/_navigation.html.haml (73.1ms)
I, [2018-11-09T15:26:24.751592 #30297]  INFO -- :   Rendered admin/layouts/_sidebar.html.haml (28.5ms)
I, [2018-11-09T15:26:24.752263 #30297]  INFO -- :   Rendered admin/layouts/_messages.html.haml (0.2ms)
I, [2018-11-09T15:26:24.753000 #30297]  INFO -- :   Rendered admin/layouts/_preloader.html.haml (0.3ms)
I, [2018-11-09T15:26:24.753456 #30297]  INFO -- :   Rendered admin/layouts/_footer.html.haml (0.1ms)
I, [2018-11-09T15:26:24.754015 #30297]  INFO -- :   Rendered admin/layouts/_keppler_boolean_script.haml (0.2ms)
I, [2018-11-09T15:26:24.754689 #30297]  INFO -- : Completed 200 OK in 268ms (Views: 231.5ms | ActiveRecord: 13.1ms)
I, [2018-11-09T15:26:24.874035 #30297]  INFO -- : Started GET "/assets/admin/profile-menu.jpg" for 127.0.0.1 at 2018-11-09 15:26:24 -0400
I, [2018-11-09T15:26:29.583868 #30297]  INFO -- : Started GET "/admin/settings/appearance" for 127.0.0.1 at 2018-11-09 15:26:29 -0400
I, [2018-11-09T15:26:29.596838 #30297]  INFO -- : Processing by Admin::SettingsController#edit as HTML
I, [2018-11-09T15:26:29.598522 #30297]  INFO -- :   Parameters: {"config"=>"appearance"}
I, [2018-11-09T15:26:29.806737 #30297]  INFO -- : Redirected to http://localhost:3000/admin
I, [2018-11-09T15:26:29.808730 #30297]  INFO -- : Completed 302 Found in 209ms (ActiveRecord: 25.4ms)
I, [2018-11-09T15:26:29.874055 #30297]  INFO -- : Started GET "/admin" for 127.0.0.1 at 2018-11-09 15:26:29 -0400
I, [2018-11-09T15:26:29.875601 #30297]  INFO -- : Processing by Admin::AdminController#root as HTML
I, [2018-11-09T15:26:29.972637 #30297]  INFO -- : Redirected to http://localhost:3000/admin/dashboard
I, [2018-11-09T15:26:29.973127 #30297]  INFO -- : Completed 302 Found in 97ms (ActiveRecord: 18.0ms)
I, [2018-11-09T15:26:29.980806 #30297]  INFO -- : Started GET "/admin/dashboard" for 127.0.0.1 at 2018-11-09 15:26:29 -0400
I, [2018-11-09T15:26:29.982379 #30297]  INFO -- : Processing by KepplerGaDashboard::Admin::DashboardController#analytics as HTML
I, [2018-11-09T15:26:31.770220 #30297]  INFO -- :   Rendering rockets/keppler_ga_dashboard/app/views/keppler_ga_dashboard/admin/dashboard/analytics.html.haml within keppler_ga_dashboard/admin/layouts/application
I, [2018-11-09T15:26:31.774769 #30297]  INFO -- :   Rendered rockets/keppler_ga_dashboard/app/views/keppler_ga_dashboard/admin/dashboard/analytics.html.haml within keppler_ga_dashboard/admin/layouts/application (4.3ms)
I, [2018-11-09T15:26:31.778559 #30297]  INFO -- :   Rendered rockets/keppler_ga_dashboard/app/views/keppler_ga_dashboard/admin/layouts/_head.html.haml (3.3ms)
I, [2018-11-09T15:26:31.782889 #30297]  INFO -- :   Rendered admin/layouts/_navigation.html.haml (4.0ms)
I, [2018-11-09T15:26:31.802729 #30297]  INFO -- :   Rendered admin/layouts/_sidebar.html.haml (19.6ms)
I, [2018-11-09T15:26:31.803054 #30297]  INFO -- :   Rendered admin/layouts/_messages.html.haml (0.1ms)
I, [2018-11-09T15:26:31.803368 #30297]  INFO -- :   Rendered admin/layouts/_preloader.html.haml (0.1ms)
I, [2018-11-09T15:26:31.803549 #30297]  INFO -- :   Rendered admin/layouts/_footer.html.haml (0.0ms)
I, [2018-11-09T15:26:31.803716 #30297]  INFO -- :   Rendered admin/layouts/_keppler_boolean_script.haml (0.0ms)
I, [2018-11-09T15:26:31.803990 #30297]  INFO -- : Completed 200 OK in 1821ms (Views: 32.2ms | ActiveRecord: 8.2ms)
I, [2018-11-09T15:26:31.873604 #30297]  INFO -- : Started GET "/assets/keppler_ga_dashboard/view-selector2.js?body=1" for 127.0.0.1 at 2018-11-09 15:26:31 -0400
I, [2018-11-09T15:26:31.876624 #30297]  INFO -- : Started GET "/assets/keppler_ga_dashboard/date-range-selector.self.js?body=1" for 127.0.0.1 at 2018-11-09 15:26:31 -0400
I, [2018-11-09T15:26:32.284146 #30297]  INFO -- : Started GET "/assets/keppler_ga_dashboard/active-users.self.js?body=1" for 127.0.0.1 at 2018-11-09 15:26:32 -0400
I, [2018-11-09T15:26:34.555812 #30297]  INFO -- : Started GET "/assetsadmin/fonts-and-icons/fonts/Simple-Line-Icons.woff2?v=2.4.0" for 127.0.0.1 at 2018-11-09 15:26:34 -0400
I, [2018-11-09T15:26:34.569849 #30297]  INFO -- : Started GET "/assets/admin/fonts-and-icons/ZXuke1cDvLCKLDcimxB44_lu.woff2" for 127.0.0.1 at 2018-11-09 15:26:34 -0400
